[0519/180220.140:ERROR:scoped_process_suspend.cc(31)] NtSuspendProcess: 已尝试访问正在退出的过程。 (0xc000010a)
[0519/180220.968:ERROR:process_info.cc(118)] ReadProcessMemory bool __cdecl crashpad::(anonymous namespace)::ReadStruct(HANDLE, crashpad::WinVMAddress, T *) [T = crashpad::process_types::PEB<crashpad::process_types::internal::Traits64>]: 仅完成部分的 ReadProcessMemory 或 WriteProcessMemory 请求。 (0x12B)
[0519/180221.046:ERROR:process_info.cc(551)] ReadProcessData failed
[0601/082310.465:ERROR:process_info.cc(329)] VirtualQueryEx: 拒绝访问。 (0x5)
[0601/082310.465:ERROR:process_info.cc(556)] ReadMemoryInfo failed
[0601/082310.481:ERROR:process_info.cc(329)] VirtualQueryEx: 拒绝访问。 (0x5)
[0601/082310.481:ERROR:process_info.cc(556)] ReadMemoryInfo failed
[0601/082310.434:ERROR:process_info.cc(118)] ReadProcessMemory bool __cdecl crashpad::(anonymous namespace)::ReadStruct(HANDLE, crashpad::WinVMAddress, T *) [T = crashpad::process_types::LDR_DATA_TABLE_ENTRY<crashpad::process_types::internal::Traits64>]: 仅完成部分的 ReadProcessMemory 或 WriteProcessMemory 请求。 (0x12B)
[0601/082310.668:ERROR:process_info.cc(329)] VirtualQueryEx: 拒绝访问。 (0x5)
[0601/082310.668:ERROR:process_info.cc(556)] ReadMemoryInfo failed
[0602/180117.985:ERROR:scoped_process_suspend.cc(31)] NtSuspendProcess: 已尝试访问正在退出的过程。 (0xc000010a)
[0602/180117.985:ERROR:scoped_process_suspend.cc(31)] NtSuspendProcess: 已尝试访问正在退出的过程。 (0xc000010a)
[0602/180117.985:ERROR:scoped_process_suspend.cc(31)] NtSuspendProcess: 已尝试访问正在退出的过程。 (0xc000010a)
[0602/180118.595:ERROR:process_info.cc(118)] ReadProcessMemory bool __cdecl crashpad::(anonymous namespace)::ReadStruct(HANDLE, crashpad::WinVMAddress, T *) [T = crashpad::process_types::PEB<crashpad::process_types::internal::Traits64>]: 仅完成部分的 ReadProcessMemory 或 WriteProcessMemory 请求。 (0x12B)
[0602/180118.595:ERROR:process_info.cc(551)] ReadProcessData failed
[0602/180118.595:ERROR:process_info.cc(118)] ReadProcessMemory bool __cdecl crashpad::(anonymous namespace)::ReadStruct(HANDLE, crashpad::WinVMAddress, T *) [T = crashpad::process_types::PEB<crashpad::process_types::internal::Traits64>]: 仅完成部分的 ReadProcessMemory 或 WriteProcessMemory 请求。 (0x12B)
[0602/180118.595:ERROR:process_info.cc(551)] ReadProcessData failed
[0602/180118.595:ERROR:process_info.cc(118)] ReadProcessMemory bool __cdecl crashpad::(anonymous namespace)::ReadStruct(HANDLE, crashpad::WinVMAddress, T *) [T = crashpad::process_types::PEB<crashpad::process_types::internal::Traits64>]: 仅完成部分的 ReadProcessMemory 或 WriteProcessMemory 请求。 (0x12B)
[0602/180118.595:ERROR:process_info.cc(551)] ReadProcessData failed
[0602/180117.985:ERROR:scoped_process_suspend.cc(31)] NtSuspendProcess: 已尝试访问正在退出的过程。 (0xc000010a)
[0602/180118.595:ERROR:process_info.cc(118)] ReadProcessMemory bool __cdecl crashpad::(anonymous namespace)::ReadStruct(HANDLE, crashpad::WinVMAddress, T *) [T = crashpad::process_types::PEB<crashpad::process_types::internal::Traits64>]: 仅完成部分的 ReadProcessMemory 或 WriteProcessMemory 请求。 (0x12B)
[0602/180118.595:ERROR:process_info.cc(551)] ReadProcessData failed
